[2026-02-08 17:27:07] .87 DAEMON STARTED (Interval: 30s)
[2026-02-08 17:27:08] .154 DAEMON STARTED (Interval: 30s)
[2026-02-08 17:27:07] .87 DOWNLOADED: checkrho.dat
[2026-02-08 17:27:07] .87 DOWNLOADED: Monitor.dat
[2026-02-08 17:27:40] .87 DOWNLOADED: checkrho.dat
[2026-02-08 17:27:40] .87 DOWNLOADED: Monitor.dat
[2026-02-08 17:28:13] .87 DOWNLOADED: checkrho.dat
[2026-02-08 17:28:13] .87 DOWNLOADED: Monitor.dat
[2026-02-08 17:28:45] .87 DOWNLOADED: checkrho.dat
[2026-02-08 17:28:45] .87 DOWNLOADED: Monitor.dat
[2026-02-08 17:29:18] .87 DOWNLOADED: checkrho.dat
[2026-02-08 17:29:18] .87 DOWNLOADED: Monitor.dat
[2026-02-08 17:29:50] .87 DOWNLOADED: checkrho.dat
[2026-02-08 17:29:50] .87 DOWNLOADED: Monitor.dat
[2026-02-08 17:30:23] .87 DOWNLOADED: checkrho.dat
[2026-02-08 17:30:23] .87 DOWNLOADED: Monitor.dat
[2026-02-08 17:30:56] .87 DOWNLOADED: checkrho.dat
[2026-02-08 17:30:56] .87 DOWNLOADED: Monitor.dat
[2026-02-08 17:31:28] .87 DOWNLOADED: checkrho.dat
[2026-02-08 17:31:28] .87 DOWNLOADED: log20260208
[2026-02-08 17:31:28] .87 DOWNLOADED: Monitor.dat
[2026-02-08 17:32:01] .87 DOWNLOADED: checkrho.dat
[2026-02-08 17:32:01] .87 DOWNLOADED: Monitor.dat
[2026-02-08 17:32:34] .87 DOWNLOADED: checkrho.dat
[2026-02-08 17:32:34] .87 DOWNLOADED: Monitor.dat
[2026-02-08 17:33:07] .87 DOWNLOADED: checkrho.dat
[2026-02-08 17:33:07] .87 DOWNLOADED: Monitor.dat
[2026-02-08 17:38:25] .87 DOWNLOADED: checkrho.dat
[2026-02-08 17:38:25] .87 DOWNLOADED: log20260208_3
[2026-02-08 17:38:25] .87 DOWNLOADED: Monitor.dat
[2026-02-08 17:38:59] .87 DOWNLOADED: checkrho.dat
[2026-02-08 17:38:59] .87 DOWNLOADED: log20260208_3
[2026-02-08 17:38:59] .87 DOWNLOADED: Monitor.dat
[2026-02-08 17:39:33] .87 DOWNLOADED: checkrho.dat
[2026-02-08 17:39:33] .87 DOWNLOADED: Monitor.dat
[2026-02-08 17:40:06] .87 DOWNLOADED: checkrho.dat
[2026-02-08 17:40:06] .87 DOWNLOADED: Monitor.dat
[2026-02-08 17:40:39] .87 DOWNLOADED: checkrho.dat
[2026-02-08 17:40:39] .87 DOWNLOADED: Monitor.dat
[2026-02-08 17:41:12] .87 DOWNLOADED: checkrho.dat
[2026-02-08 17:41:12] .87 DOWNLOADED: Monitor.dat
[2026-02-08 17:41:45] .87 DOWNLOADED: checkrho.dat
[2026-02-08 17:41:45] .87 DOWNLOADED: Monitor.dat
